2025-05-12 23:05:42,372 - ENTER: 54.95 shares at 181.99
2025-05-12 23:05:42,372 - EXIT: 54.95 shares at 189.70 | P/L: 423.65 (SIGNAL)
2025-05-12 23:05:42,373 - ENTER: 59.93 shares at 173.93
2025-05-12 23:05:42,373 - EXIT: 59.93 shares at 186.40 | P/L: 747.33 (SIGNAL)
2025-05-12 23:05:42,374 - ENTER: 60.63 shares at 184.25
2025-05-12 23:05:42,374 - EXIT: 60.63 shares at 194.17 | P/L: 601.44 (SIGNAL)
2025-05-12 23:05:42,374 - ENTER: 63.62 shares at 185.04
2025-05-12 23:05:42,375 - EXIT: 63.62 shares at 182.40 | P/L: -167.96 (SIGNAL)
2025-05-12 23:05:42,376 - ENTER: 53.04 shares at 218.80
2025-05-12 23:05:42,376 - EXIT: 53.04 shares at 226.84 | P/L: 426.42 (SIGNAL)
2025-05-12 23:05:42,376 - ENTER: 55.50 shares at 216.79
2025-05-12 23:05:42,377 - EXIT: 55.50 shares at 235.06 | P/L: 1013.90 (SIGNAL)
2025-05-12 23:05:42,377 - ENTER: 55.65 shares at 234.40
2025-05-12 23:05:42,378 - EXIT: 55.65 shares at 247.10 | P/L: 706.78 (SIGNAL)
2025-05-12 23:05:42,378 - ENTER: 60.45 shares at 227.48
2025-05-12 23:05:42,378 - EXIT: 60.45 shares at 223.89 | P/L: -217.02 (SIGNAL)
2025-05-12 23:05:42,378 - ENTER: 74.59 shares at 181.46
2025-05-12 23:05:42,379 - EXIT: 74.59 shares at 211.21 | P/L: 2218.96 (SIGNAL)
2025-05-12 23:09:33,146 - ENTER: 703.65 shares at 14.21
2025-05-12 23:09:33,146 - EXIT: 703.65 shares at 15.72 | P/L: 1058.99 (SIGNAL)
2025-05-12 23:09:33,146 - ENTER: 873.88 shares at 12.65
2025-05-12 23:09:33,146 - EXIT: 873.88 shares at 15.58 | P/L: 2557.59 (SIGNAL)
2025-05-12 23:09:33,148 - ENTER: 365.74 shares at 37.23
2025-05-12 23:09:33,148 - EXIT: 365.74 shares at 43.15 | P/L: 2165.19 (SIGNAL)
2025-05-12 23:09:33,149 - ENTER: 287.83 shares at 54.83
2025-05-12 23:09:33,150 - EXIT: 287.83 shares at 69.20 | P/L: 4136.13 (SIGNAL)
2025-05-12 23:09:33,150 - ENTER: 436.03 shares at 45.68
2025-05-12 23:09:33,150 - EXIT: 436.03 shares at 60.79 | P/L: 6588.43 (SIGNAL)
2025-05-12 23:09:33,152 - ENTER: 667.67 shares at 39.70
2025-05-12 23:09:33,152 - EXIT: 667.67 shares at 40.29 | P/L: 393.92 (SIGNAL)
2025-05-12 23:16:22,469 - ENTER: 703.65 shares at 14.21
2025-05-12 23:16:22,469 - EXIT: 703.65 shares at 15.72 | P/L: 1058.99 (SIGNAL)
2025-05-12 23:16:22,470 - ENTER: 873.88 shares at 12.65
2025-05-12 23:16:22,470 - EXIT: 873.88 shares at 15.58 | P/L: 2557.59 (SIGNAL)
2025-05-12 23:16:22,471 - ENTER: 365.74 shares at 37.23
2025-05-12 23:16:22,471 - EXIT: 365.74 shares at 43.15 | P/L: 2165.19 (SIGNAL)
2025-05-12 23:16:22,472 - ENTER: 287.83 shares at 54.83
2025-05-12 23:16:22,472 - EXIT: 287.83 shares at 69.20 | P/L: 4136.13 (SIGNAL)
2025-05-12 23:16:22,473 - ENTER: 436.03 shares at 45.68
2025-05-12 23:16:22,473 - EXIT: 436.03 shares at 60.79 | P/L: 6588.43 (SIGNAL)
2025-05-12 23:16:22,474 - ENTER: 667.67 shares at 39.70
2025-05-12 23:16:22,475 - EXIT: 667.67 shares at 40.29 | P/L: 393.92 (SIGNAL)
2025-05-12 23:21:52,063 - ENTER LONG: 703.65 shares at 14.21
2025-05-12 23:21:52,064 - EXIT LONG: 703.65 shares at 15.72 | P/L: 1058.99 (SIGNAL)
2025-05-12 23:21:52,064 - ENTER LONG: 873.88 shares at 12.65
2025-05-12 23:21:52,064 - EXIT LONG: 873.88 shares at 15.58 | P/L: 2557.59 (SIGNAL)
2025-05-12 23:21:52,066 - ENTER LONG: 365.74 shares at 37.23
2025-05-12 23:21:52,066 - EXIT LONG: 365.74 shares at 43.15 | P/L: 2165.19 (SIGNAL)
2025-05-12 23:21:52,067 - ENTER LONG: 287.83 shares at 54.83
2025-05-12 23:21:52,067 - EXIT LONG: 287.83 shares at 69.20 | P/L: 4136.13 (SIGNAL)
2025-05-12 23:21:52,067 - ENTER LONG: 436.03 shares at 45.68
2025-05-12 23:21:52,067 - EXIT LONG: 436.03 shares at 60.79 | P/L: 6588.43 (SIGNAL)
2025-05-12 23:21:52,069 - ENTER LONG: 667.67 shares at 39.70
2025-05-12 23:21:52,070 - EXIT LONG: 667.67 shares at 40.29 | P/L: 393.92 (SIGNAL)
2025-05-13 07:12:27,324 - ENTER LONG: 388.87 shares at 24.43 (Commission: $9.50)
2025-05-13 07:12:27,325 - EXIT LONG: 388.87 shares at 28.26 | P/L: 1468.87 (Commission: $20.49)
2025-05-13 07:12:27,325 - ENTER LONG: 411.93 shares at 26.45 (Commission: $10.90)
2025-05-13 07:12:27,326 - EXIT LONG: 411.93 shares at 23.87 | P/L: -1083.50 (Commission: $20.73)
2025-05-13 07:12:27,327 - ENTER LONG: 299.15 shares at 32.98 (Commission: $9.87)
2025-05-13 07:12:27,327 - EXIT LONG: 299.15 shares at 24.53 | P/L: -2545.06 (Commission: $17.20)
2025-05-13 07:14:53,360 - ENTER LONG: 21.77 shares at 436.29 (Commission: $9.50)
2025-05-13 07:14:53,361 - EXIT LONG: 21.77 shares at 450.36 | P/L: 287.06 (Commission: $19.31)
2025-05-13 07:14:53,361 - ENTER LONG: 22.28 shares at 438.64 (Commission: $9.77)
2025-05-13 07:14:53,361 - EXIT LONG: 22.28 shares at 448.73 | P/L: 205.03 (Commission: $19.77)
2025-05-13 07:14:53,362 - ENTER LONG: 19.91 shares at 500.55 (Commission: $9.97)
2025-05-13 07:14:53,363 - EXIT LONG: 19.91 shares at 520.17 | P/L: 370.37 (Commission: $20.33)
2025-05-13 07:14:53,363 - ENTER LONG: 19.95 shares at 517.38 (Commission: $10.32)
2025-05-13 07:14:53,363 - EXIT LONG: 19.95 shares at 562.13 | P/L: 871.02 (Commission: $21.53)
2025-05-13 07:14:53,365 - ENTER LONG: 19.05 shares at 585.05 (Commission: $11.15)
2025-05-13 07:14:53,365 - EXIT LONG: 19.05 shares at 561.15 | P/L: -477.20 (Commission: $21.84)
2025-05-13 07:22:51,985 - ENTER LONG: 21.77 shares at 436.29 (Commission: $9.50)
2025-05-13 07:22:51,986 - EXIT LONG: 21.77 shares at 450.36 | P/L: 287.06 (Commission: $19.31)
2025-05-13 07:22:51,986 - ENTER LONG: 22.28 shares at 438.64 (Commission: $9.77)
2025-05-13 07:22:51,987 - EXIT LONG: 22.28 shares at 448.73 | P/L: 205.03 (Commission: $19.77)
2025-05-13 07:22:51,988 - ENTER LONG: 19.91 shares at 500.55 (Commission: $9.97)
2025-05-13 07:22:51,988 - EXIT LONG: 19.91 shares at 520.17 | P/L: 370.37 (Commission: $20.33)
2025-05-13 07:22:51,988 - ENTER LONG: 19.95 shares at 517.38 (Commission: $10.32)
2025-05-13 07:22:51,989 - EXIT LONG: 19.95 shares at 562.13 | P/L: 871.02 (Commission: $21.53)
2025-05-13 07:22:51,990 - ENTER LONG: 19.05 shares at 585.05 (Commission: $11.15)
2025-05-13 07:22:51,990 - EXIT LONG: 19.05 shares at 561.15 | P/L: -477.20 (Commission: $21.84)
2025-05-13 08:15:39,158 - ENTER LONG: 671.38 shares at 14.15 (Commission: $9.50)
2025-05-13 08:15:39,159 - EXIT LONG: 671.38 shares at 17.80 | P/L: 2429.08 (Commission: $21.45)
2025-05-13 08:15:39,159 - ENTER LONG: 783.52 shares at 15.07 (Commission: $11.81)
2025-05-13 08:15:39,159 - EXIT LONG: 783.52 shares at 19.94 | P/L: 3788.30 (Commission: $27.43)
2025-05-13 08:15:39,159 - ENTER LONG: 867.00 shares at 17.77 (Commission: $15.41)
2025-05-13 08:15:39,160 - EXIT LONG: 867.00 shares at 21.87 | P/L: 3520.31 (Commission: $34.37)
2025-05-13 08:15:39,160 - ENTER LONG: 836.34 shares at 22.42 (Commission: $18.75)
2025-05-13 08:15:39,161 - EXIT LONG: 836.34 shares at 25.21 | P/L: 2293.56 (Commission: $39.84)
2025-05-13 08:15:39,161 - ENTER LONG: 996.18 shares at 21.01 (Commission: $20.93)
2025-05-13 08:15:39,161 - EXIT LONG: 996.18 shares at 23.79 | P/L: 2724.75 (Commission: $44.63)
2025-05-13 08:15:39,161 - ENTER LONG: 950.61 shares at 24.74 (Commission: $23.52)
2025-05-13 08:15:39,161 - EXIT LONG: 950.61 shares at 32.50 | P/L: 7322.36 (Commission: $54.41)
2025-05-13 08:15:39,162 - ENTER LONG: 462.36 shares at 65.91 (Commission: $30.47)
2025-05-13 08:15:39,163 - EXIT LONG: 462.36 shares at 81.22 | P/L: 7010.77 (Commission: $68.03)
2025-05-13 08:15:39,163 - ENTER LONG: 438.06 shares at 84.77 (Commission: $37.13)
2025-05-13 08:15:39,163 - EXIT LONG: 438.06 shares at 112.78 | P/L: 12183.63 (Commission: $86.54)
2025-05-13 12:41:50,688 - ENTER LONG: 648.91 shares at 14.64 (Commission: $9.50)
2025-05-13 12:41:50,689 - EXIT LONG: 648.91 shares at 16.59 | P/L: 1245.10 (Commission: $20.27)
2025-05-13 12:41:50,689 - ENTER LONG: 650.20 shares at 16.43 (Commission: $10.68)
2025-05-13 12:41:50,689 - EXIT LONG: 650.20 shares at 19.84 | P/L: 2193.61 (Commission: $23.58)
2025-05-13 12:41:50,689 - ENTER LONG: 701.47 shares at 18.20 (Commission: $12.77)
2025-05-13 12:41:50,690 - EXIT LONG: 701.47 shares at 17.80 | P/L: -305.84 (Commission: $25.25)
2025-05-13 12:41:50,690 - ENTER LONG: 731.31 shares at 17.06 (Commission: $12.48)
2025-05-13 12:41:50,690 - EXIT LONG: 731.31 shares at 19.94 | P/L: 2079.13 (Commission: $27.06)
2025-05-13 12:41:50,690 - ENTER LONG: 752.68 shares at 19.20 (Commission: $14.45)
2025-05-13 12:41:50,690 - EXIT LONG: 752.68 shares at 21.87 | P/L: 1978.74 (Commission: $30.91)
2025-05-13 12:41:50,691 - ENTER LONG: 668.76 shares at 24.42 (Commission: $16.33)
2025-05-13 12:41:50,691 - EXIT LONG: 668.76 shares at 25.21 | P/L: 495.13 (Commission: $33.19)
2025-05-13 12:41:50,691 - ENTER LONG: 785.12 shares at 21.40 (Commission: $16.80)
2025-05-13 12:41:50,692 - EXIT LONG: 785.12 shares at 23.79 | P/L: 1840.96 (Commission: $35.48)
2025-05-13 12:41:50,692 - ENTER LONG: 769.73 shares at 24.10 (Commission: $18.55)
2025-05-13 12:41:50,692 - EXIT LONG: 769.73 shares at 27.23 | P/L: 2369.74 (Commission: $39.51)
2025-05-13 12:41:50,692 - ENTER LONG: 782.02 shares at 26.60 (Commission: $20.80)
2025-05-13 12:41:50,692 - EXIT LONG: 782.02 shares at 32.50 | P/L: 4567.70 (Commission: $46.22)
2025-05-13 12:41:50,692 - ENTER LONG: 828.10 shares at 30.36 (Commission: $25.14)
2025-05-13 12:41:50,692 - EXIT LONG: 828.10 shares at 35.59 | P/L: 4276.34 (Commission: $54.61)
2025-05-13 12:41:50,693 - ENTER LONG: 668.43 shares at 43.69 (Commission: $29.20)
2025-05-13 12:41:50,693 - EXIT LONG: 668.43 shares at 51.13 | P/L: 4909.72 (Commission: $63.38)
2025-05-13 12:41:50,693 - ENTER LONG: 473.61 shares at 71.51 (Commission: $33.87)
2025-05-13 12:41:50,693 - EXIT LONG: 473.61 shares at 81.22 | P/L: 4526.41 (Commission: $72.33)
2025-05-13 12:41:50,694 - ENTER LONG: 420.91 shares at 90.68 (Commission: $38.17)
2025-05-13 12:41:50,694 - EXIT LONG: 420.91 shares at 112.78 | P/L: 9216.42 (Commission: $85.64)
2025-05-13 12:41:50,694 - ENTER LONG: 431.04 shares at 108.86 (Commission: $46.92)
2025-05-13 12:41:50,694 - EXIT LONG: 431.04 shares at 117.30 | P/L: 3540.53 (Commission: $97.49)
2025-05-13 12:54:23,035 - ENTER LONG: 671.38 shares at 14.15 (Commission: $9.50)
2025-05-13 12:54:23,035 - EXIT LONG: 671.38 shares at 17.80 | P/L: 2429.08 (Commission: $21.45)
2025-05-13 12:54:23,036 - ENTER LONG: 783.52 shares at 15.07 (Commission: $11.81)
2025-05-13 12:54:23,036 - EXIT LONG: 783.52 shares at 19.94 | P/L: 3788.30 (Commission: $27.43)
2025-05-13 12:54:23,036 - ENTER LONG: 867.00 shares at 17.77 (Commission: $15.41)
2025-05-13 12:54:23,036 - EXIT LONG: 867.00 shares at 21.87 | P/L: 3520.31 (Commission: $34.37)
2025-05-13 12:54:23,037 - ENTER LONG: 836.34 shares at 22.42 (Commission: $18.75)
2025-05-13 12:54:23,037 - EXIT LONG: 836.34 shares at 25.21 | P/L: 2293.56 (Commission: $39.84)
2025-05-13 12:54:23,037 - ENTER LONG: 996.18 shares at 21.01 (Commission: $20.93)
2025-05-13 12:54:23,037 - EXIT LONG: 996.18 shares at 23.79 | P/L: 2724.75 (Commission: $44.63)
2025-05-13 12:54:23,038 - ENTER LONG: 950.61 shares at 24.74 (Commission: $23.52)
2025-05-13 12:54:23,038 - EXIT LONG: 950.61 shares at 32.50 | P/L: 7322.36 (Commission: $54.41)
2025-05-13 12:54:23,039 - ENTER LONG: 462.36 shares at 65.91 (Commission: $30.47)
2025-05-13 12:54:23,039 - EXIT LONG: 462.36 shares at 81.22 | P/L: 7010.77 (Commission: $68.03)
2025-05-13 12:54:23,039 - ENTER LONG: 438.06 shares at 84.77 (Commission: $37.13)
2025-05-13 12:54:23,040 - EXIT LONG: 438.06 shares at 112.78 | P/L: 12183.63 (Commission: $86.54)
2025-05-13 13:22:57,421 - ENTER LONG: 39.48 shares at 14.40 (Weight: 5.7%, Commission: $0.57)
2025-05-13 13:22:57,422 - ENTER LONG: 38.27 shares at 14.50 (Weight: 5.9%, Commission: $0.55)
2025-05-13 13:22:57,422 - ENTER LONG: 26.99 shares at 14.67 (Weight: 4.5%, Commission: $0.40)
2025-05-13 13:22:57,423 - EXIT LONG: 26.99 shares at 14.38 | P/L: -8.70 (Commission: $0.78)
2025-05-13 13:22:57,423 - ENTER LONG: 15.07 shares at 14.14 (Weight: 2.4%, Commission: $0.21)
2025-05-13 13:22:57,423 - EXIT LONG: 15.07 shares at 14.85 | P/L: 10.22 (Commission: $0.44)
2025-05-13 13:22:57,423 - ENTER LONG: 17.61 shares at 14.69 (Weight: 2.9%, Commission: $0.26)
2025-05-13 13:22:57,423 - ENTER LONG: 17.25 shares at 14.80 (Weight: 3.0%, Commission: $0.26)
2025-05-13 13:22:57,423 - ENTER LONG: 13.93 shares at 14.92 (Weight: 2.5%, Commission: $0.21)
2025-05-13 13:22:57,423 - EXIT LONG: 13.93 shares at 15.67 | P/L: 9.96 (Commission: $0.43)
2025-05-13 13:22:57,424 - ENTER LONG: 11.77 shares at 15.98 (Weight: 2.2%, Commission: $0.19)
2025-05-13 13:22:57,424 - EXIT LONG: 11.77 shares at 16.78 | P/L: 9.02 (Commission: $0.39)
2025-05-13 13:22:57,424 - ENTER LONG: 13.76 shares at 21.88 (Weight: 3.6%, Commission: $0.30)
2025-05-13 13:22:57,424 - EXIT LONG: 13.76 shares at 21.44 | P/L: -6.62 (Commission: $0.60)
2025-05-13 13:22:57,424 - ENTER LONG: 15.06 shares at 21.31 (Weight: 3.8%, Commission: $0.32)
2025-05-13 13:22:57,424 - EXIT LONG: 15.06 shares at 20.88 | P/L: -7.05 (Commission: $0.64)
2025-05-13 13:22:57,424 - ENTER LONG: 10.88 shares at 20.47 (Weight: 2.7%, Commission: $0.22)
2025-05-13 13:22:57,424 - EXIT LONG: 10.88 shares at 21.49 | P/L: 10.68 (Commission: $0.46)
2025-05-13 13:22:57,425 - ENTER LONG: 10.83 shares at 21.01 (Weight: 2.7%, Commission: $0.23)
2025-05-13 13:22:57,425 - EXIT LONG: 10.83 shares at 22.06 | P/L: 10.91 (Commission: $0.47)
2025-05-13 13:22:57,425 - ENTER LONG: 8.73 shares at 24.09 (Weight: 2.5%, Commission: $0.21)
2025-05-13 13:22:57,425 - EXIT LONG: 8.73 shares at 25.29 | P/L: 10.09 (Commission: $0.43)
2025-05-13 13:22:57,427 - ENTER LONG: 2.51 shares at 83.42 (Weight: 2.5%, Commission: $0.21)
2025-05-13 13:22:57,427 - EXIT LONG: 2.51 shares at 87.59 | P/L: 10.04 (Commission: $0.43)
2025-05-13 13:22:57,427 - ENTER LONG: 2.69 shares at 80.46 (Weight: 2.6%, Commission: $0.22)
2025-05-13 13:22:57,427 - EXIT LONG: 2.69 shares at 84.48 | P/L: 10.39 (Commission: $0.44)
2025-05-13 13:22:57,427 - ENTER LONG: 4.66 shares at 76.38 (Weight: 4.2%, Commission: $0.36)
2025-05-13 13:22:57,427 - ENTER LONG: 2.42 shares at 78.05 (Weight: 2.3%, Commission: $0.19)
2025-05-13 13:22:57,427 - EXIT LONG: 2.42 shares at 81.95 | P/L: 9.06 (Commission: $0.39)
2025-05-13 13:29:09,316 - ENTER LONG: 39.44 shares at 14.40 (Weight: 5.7%, Commission: $0.57)
2025-05-13 13:29:09,316 - ENTER LONG: 38.24 shares at 14.50 (Weight: 5.9%, Commission: $0.55)
2025-05-13 13:29:09,316 - ENTER LONG: 26.97 shares at 14.67 (Weight: 4.5%, Commission: $0.40)
2025-05-13 13:29:09,317 - EXIT LONG: 39.44 shares at 15.12 | P/L: 27.24 (Commission: $1.16)
2025-05-13 13:29:09,317 - EXIT LONG: 38.24 shares at 15.23 | P/L: 26.59 (Commission: $1.14)
2025-05-13 13:29:09,317 - EXIT LONG: 26.97 shares at 14.38 | P/L: -8.70 (Commission: $0.78)
2025-05-13 13:29:09,317 - ENTER LONG: 17.06 shares at 14.14 (Weight: 2.4%, Commission: $0.24)
2025-05-13 13:29:09,317 - EXIT LONG: 17.06 shares at 14.85 | P/L: 11.57 (Commission: $0.49)
2025-05-13 13:29:09,317 - ENTER LONG: 19.93 shares at 14.69 (Weight: 2.9%, Commission: $0.29)
2025-05-13 13:29:09,317 - ENTER LONG: 19.53 shares at 14.80 (Weight: 3.0%, Commission: $0.29)
2025-05-13 13:29:09,317 - ENTER LONG: 15.76 shares at 14.92 (Weight: 2.5%, Commission: $0.24)
2025-05-13 13:29:09,317 - EXIT LONG: 19.93 shares at 15.42 | P/L: 14.04 (Commission: $0.60)
2025-05-13 13:29:09,317 - EXIT LONG: 19.53 shares at 15.54 | P/L: 13.86 (Commission: $0.59)
2025-05-13 13:29:09,317 - EXIT LONG: 15.76 shares at 15.67 | P/L: 11.28 (Commission: $0.48)
2025-05-13 13:29:09,318 - ENTER LONG: 14.18 shares at 15.98 (Weight: 2.2%, Commission: $0.23)
2025-05-13 13:29:09,318 - EXIT LONG: 14.18 shares at 16.78 | P/L: 10.86 (Commission: $0.46)
2025-05-13 13:29:09,318 - ENTER LONG: 16.58 shares at 21.88 (Weight: 3.6%, Commission: $0.36)
2025-05-13 13:29:09,318 - EXIT LONG: 16.58 shares at 21.44 | P/L: -7.97 (Commission: $0.72)
2025-05-13 13:29:09,318 - ENTER LONG: 18.14 shares at 21.31 (Weight: 3.8%, Commission: $0.39)
2025-05-13 13:29:09,318 - EXIT LONG: 18.14 shares at 20.88 | P/L: -8.50 (Commission: $0.77)
2025-05-13 13:29:09,318 - ENTER LONG: 13.11 shares at 20.47 (Weight: 2.7%, Commission: $0.27)
2025-05-13 13:29:09,318 - EXIT LONG: 13.11 shares at 21.49 | P/L: 12.87 (Commission: $0.55)
2025-05-13 13:29:09,318 - ENTER LONG: 13.05 shares at 21.01 (Weight: 2.7%, Commission: $0.27)
2025-05-13 13:29:09,319 - EXIT LONG: 13.05 shares at 22.06 | P/L: 13.15 (Commission: $0.56)
2025-05-13 13:29:09,319 - ENTER LONG: 10.52 shares at 24.09 (Weight: 2.5%, Commission: $0.25)
2025-05-13 13:29:09,319 - EXIT LONG: 10.52 shares at 25.29 | P/L: 12.15 (Commission: $0.52)
2025-05-13 13:29:09,320 - ENTER LONG: 3.02 shares at 83.42 (Weight: 2.5%, Commission: $0.25)
2025-05-13 13:29:09,320 - EXIT LONG: 3.02 shares at 87.59 | P/L: 12.09 (Commission: $0.52)
2025-05-13 13:29:09,320 - ENTER LONG: 3.24 shares at 80.46 (Weight: 2.6%, Commission: $0.26)
2025-05-13 13:29:09,320 - EXIT LONG: 3.24 shares at 84.48 | P/L: 12.51 (Commission: $0.53)
2025-05-13 13:29:09,320 - ENTER LONG: 5.61 shares at 76.38 (Weight: 4.2%, Commission: $0.43)
2025-05-13 13:29:09,320 - ENTER LONG: 2.92 shares at 78.05 (Weight: 2.3%, Commission: $0.23)
2025-05-13 13:29:09,320 - EXIT LONG: 5.61 shares at 80.20 | P/L: 20.56 (Commission: $0.88)
2025-05-13 13:29:09,320 - EXIT LONG: 2.92 shares at 81.95 | P/L: 10.92 (Commission: $0.47)
